<?xml version="1.0" encoding="UTF-8"?>
<!-- Generated by org.testng.reporters.JUnitReportReporter -->
<testsuite hostname="Lillys-MacBook-Air.local" failures="0" tests="3" name="tests.SwageLabTest" time="67.880" errors="0" timestamp="2025-03-24T14:02:05 EET" skipped="0">
  <testcase classname="tests.SwageLabTest" name="loginFlowTest" time="21.699"/>
  <testcase classname="tests.SwageLabTest" name="addToCartFlowTest" time="21.922"/>
  <testcase classname="tests.SwageLabTest" name="receiptAmountAssertionTest" time="24.259"/>
</testsuite> <!-- tests.SwageLabTest -->
