<?xml version="1.0" encoding="UTF-8"?>
<!-- Generated by org.testng.reporters.JUnitReportReporter -->
<testsuite hostname="Lillys-MacBook-Air.local" failures="0" tests="3" name="tests.SwageLabTest$SwagLabsTest" time="89.136" errors="0" timestamp="2025-03-24T13:35:37 EET" skipped="0">
  <testcase classname="tests.SwageLabTest$SwagLabsTest" name="loginFlowTest" time="19.495"/>
  <testcase classname="tests.SwageLabTest$SwagLabsTest" name="addToCartFlowTest" time="22.743"/>
  <testcase classname="tests.SwageLabTest$SwagLabsTest" name="receiptAmountAssertionTest" time="46.898"/>
</testsuite> <!-- tests.SwageLabTest$SwagLabsTest -->
